<?xml version="1.0" encoding="UTF-8"?>
<!-- Generated by org.testng.reporters.JUnitReportReporter -->
<testsuite hostname="Ved" failures="0" tests="1" name="SimpleAssignment.Flipkt" time="16.270" errors="0" timestamp="2022-12-27T13:54:21 IST" skipped="0">
  <testcase classname="SimpleAssignment.Flipkt" name="max" time="16.270"/>
  <system-out/>
</testsuite> <!-- SimpleAssignment.Flipkt -->
