<?xml version="1.0" encoding="UTF-8"?>
<!-- Generated by org.testng.reporters.JUnitReportReporter -->
<testsuite hostname="Ved" failures="0" tests="1" name="demo.FaceBookSample" time="17.493" errors="0" timestamp="2022-12-23T11:17:26 IST" skipped="0">
  <testcase classname="demo.FaceBookSample" name="test" time="17.493"/>
  <system-out/>
</testsuite> <!-- demo.FaceBookSample -->
